Determining if the pthread_create exist failed with the following output:
Change Dir: /mnt/d/副本/cmudb/build/CMakeFiles/CMakeTmp

Run Build Command:"/usr/bin/make" "cmTC_f739d/fast"
/usr/bin/make -f CMakeFiles/cmTC_f739d.dir/build.make CMakeFiles/cmTC_f739d.dir/build
make[1]: Entering directory '/mnt/d/副本/cmudb/build/CMakeFiles/CMakeTmp'
Building C object CMakeFiles/cmTC_f739d.dir/CheckSymbolExists.c.o
/usr/bin/cc    -o CMakeFiles/cmTC_f739d.dir/CheckSymbolExists.c.o   -c /mnt/d/副本/cmudb/build/CMakeFiles/CMakeTmp/CheckSymbolExists.c
Linking C executable cmTC_f739d
/usr/bin/cmake -E cmake_link_script CMakeFiles/cmTC_f739d.dir/link.txt --verbose=1
/usr/bin/cc      -rdynamic CMakeFiles/cmTC_f739d.dir/CheckSymbolExists.c.o  -o cmTC_f739d 
CMakeFiles/cmTC_f739d.dir/CheckSymbolExists.c.o: In function `main':
CheckSymbolExists.c:(.text+0x1b): undefined reference to `pthread_create'
collect2: error: ld returned 1 exit status
CMakeFiles/cmTC_f739d.dir/build.make:97: recipe for target 'cmTC_f739d' failed
make[1]: *** [cmTC_f739d] Error 1
make[1]: Leaving directory '/mnt/d/副本/cmudb/build/CMakeFiles/CMakeTmp'
Makefile:126: recipe for target 'cmTC_f739d/fast' failed
make: *** [cmTC_f739d/fast] Error 2

File /mnt/d/副本/cmudb/build/CMakeFiles/CMakeTmp/CheckSymbolExists.c:
/* */
#include <pthread.h>

int main(int argc, char** argv)
{
  (void)argv;
#ifndef pthread_create
  return ((int*)(&pthread_create))[argc];
#else
  (void)argc;
  return 0;
#endif
}

Determining if the function pthread_create exists in the pthreads failed with the following output:
Change Dir: /mnt/d/副本/cmudb/build/CMakeFiles/CMakeTmp

Run Build Command:"/usr/bin/make" "cmTC_194ba/fast"
/usr/bin/make -f CMakeFiles/cmTC_194ba.dir/build.make CMakeFiles/cmTC_194ba.dir/build
make[1]: Entering directory '/mnt/d/副本/cmudb/build/CMakeFiles/CMakeTmp'
Building C object CMakeFiles/cmTC_194ba.dir/CheckFunctionExists.c.o
/usr/bin/cc   -DCHECK_FUNCTION_EXISTS=pthread_create   -o CMakeFiles/cmTC_194ba.dir/CheckFunctionExists.c.o   -c /usr/share/cmake-3.10/Modules/CheckFunctionExists.c
Linking C executable cmTC_194ba
/usr/bin/cmake -E cmake_link_script CMakeFiles/cmTC_194ba.dir/link.txt --verbose=1
/usr/bin/cc  -DCHECK_FUNCTION_EXISTS=pthread_create    -rdynamic CMakeFiles/cmTC_194ba.dir/CheckFunctionExists.c.o  -o cmTC_194ba -lpthreads 
/usr/bin/ld: cannot find -lpthreads
collect2: error: ld returned 1 exit status
CMakeFiles/cmTC_194ba.dir/build.make:97: recipe for target 'cmTC_194ba' failed
make[1]: *** [cmTC_194ba] Error 1
make[1]: Leaving directory '/mnt/d/副本/cmudb/build/CMakeFiles/CMakeTmp'
Makefile:126: recipe for target 'cmTC_194ba/fast' failed
make: *** [cmTC_194ba/fast] Error 2


